<?xml version="1.0" encoding="UTF-8"?>
<!-- Generated by org.testng.reporters.JUnitReportReporter -->
<testsuite hostname="Rajeswari" failures="0" tests="3" name="listeners.TestNGListenerDemo" time="0.033" errors="0" timestamp="2020-05-20T03:24:31 IST" skipped="0">
  <testcase classname="listeners.TestNGListenerDemo" name="test3" time="0.002"/>
  <system-out/>
  <testcase classname="listeners.TestNGListenerDemo" name="test1" time="0.028"/>
  <system-out/>
  <testcase classname="listeners.TestNGListenerDemo" name="test2" time="0.003"/>
  <system-out/>
</testsuite> <!-- listeners.TestNGListenerDemo -->
