<?xml version="1.0" encoding="UTF-8"?>
<!-- Generated by org.testng.reporters.JUnitReportReporter -->
<testsuite hostname="Rajeswari" failures="0" tests="1" name="demo.TestNGMultiBrowserDemo" time="6.235" errors="0" timestamp="2020-05-20T04:01:28 IST" skipped="0">
  <testcase classname="demo.TestNGMultiBrowserDemo" name="test" time="6.235"/>
  <system-out/>
</testsuite> <!-- demo.TestNGMultiBrowserDemo -->
