<?xml version="1.0" encoding="UTF-8"?>
<!-- Generated by org.testng.reporters.JUnitReportReporter -->
<testsuite hostname="Rajeswari" failures="0" tests="2" name="demo.TestNGGroupsDemo" time="0.017" errors="0" timestamp="2020-05-20T04:20:41 IST" skipped="0">
  <testcase classname="demo.TestNGGroupsDemo" name="test2" time="0.014"/>
  <system-out/>
  <testcase classname="demo.TestNGGroupsDemo" name="test3" time="0.003"/>
  <system-out/>
</testsuite> <!-- demo.TestNGGroupsDemo -->
