<?xml version="1.0" encoding="UTF-8"?>
<!-- Generated by org.testng.reporters.JUnitReportReporter -->
<testsuite hostname="Rajeswari" failures="0" tests="1" name="test.TestNGdemo" time="10.296" errors="0" timestamp="2020-05-06T02:21:26 IST" skipped="0">
  <testcase classname="test.TestNGdemo" name="googleSearchTest" time="10.296"/>
  <system-out/>
</testsuite> <!-- test.TestNGdemo -->
