<?xml version="1.0" encoding="UTF-8"?>
<!-- Generated by org.testng.reporters.JUnitReportReporter -->
<testsuite hostname="Rajeswari" failures="0" tests="2" name="utils.ExcelDataProvider" time="14.095" errors="0" timestamp="2020-05-20T02:49:26 IST" skipped="0">
  <testcase classname="utils.ExcelDataProvider" name="test1" time="5.920"/>
  <system-out/>
  <testcase classname="utils.ExcelDataProvider" name="test1" time="8.175"/>
  <system-out/>
</testsuite> <!-- utils.ExcelDataProvider -->
