<?xml version="1.0" encoding="UTF-8"?>
<!-- Generated by org.testng.reporters.JUnitReportReporter -->
<testsuite hostname="Rajeswari" failures="0" tests="1" name="test.TestNGdemo2" time="7.617" errors="0" timestamp="2020-05-06T02:21:26 IST" skipped="0">
  <testcase classname="test.TestNGdemo2" name="googleSearchTest3" time="7.617"/>
  <system-out/>
</testsuite> <!-- test.TestNGdemo2 -->
